# JRE version: Java(TM) SE Runtime Environment (8.0_91-b14) (build 1.8.0_91-b14)
# Java VM: Java HotSpot(TM) 64-Bit Server VM (25.91-b14 mixed mode bsd-amd64 compressed oops)
Heap:
 PSYoungGen      total 152576K, used 107302K [0x00000007b5580000, 0x00000007c0000000, 0x00000007c0000000)
  eden space 132608K, 69% used [0x00000007b5580000,0x00000007bb00c0a0,0x00000007bd700000)
  from space 19968K, 73% used [0x00000007bd700000,0x00000007be53d7e0,0x00000007bea80000)
  to   space 20480K, 0% used [0x00000007bec00000,0x00000007bec00000,0x00000007c0000000)
 ParOldGen       total 223744K, used 163147K [0x00000007a0000000, 0x00000007ada80000, 0x00000007b5580000)
  object space 223744K, 72% used [0x00000007a0000000,0x00000007a9f52c40,0x00000007ada80000)
 Metaspace       used 60386K, capacity 64012K, committed 64128K, reserved 1103872K
  class space    used 7893K, capacity 8722K, committed 8832K, reserved 1048576K
GC Heap History (10 events):
Event: 4944.724 GC heap before
{Heap before GC invocations=48 (full 3):
 PSYoungGen      total 153600K, used 146215K [0x00000007b5580000, 0x00000007c0000000, 0x00000007c0000000)
  eden space 132608K, 100% used [0x00000007b5580000,0x00000007bd700000,0x00000007bd700000)
  from space 20992K, 64% used [0x00000007beb80000,0x00000007bf8c9e10,0x00000007c0000000)
  to   space 20992K, 0% used [0x00000007bd700000,0x00000007bd700000,0x00000007beb80000)
 ParOldGen       total 223744K, used 135175K [0x00000007a0000000, 0x00000007ada80000, 0x00000007b5580000)
  object space 223744K, 60% used [0x00000007a0000000,0x00000007a8401db8,0x00000007ada80000)
 Metaspace       used 60167K, capacity 63740K, committed 63872K, reserved 1103872K
  class space    used 7884K, capacity 8708K, committed 8832K, reserved 1048576K
Event: 4944.748 GC heap after
Heap after GC invocations=48 (full 3):
 PSYoungGen      total 153600K, used 6464K [0x00000007b5580000, 0x00000007c0000000, 0x00000007c0000000)
  eden space 132608K, 0% used [0x00000007b5580000,0x00000007b5580000,0x00000007bd700000)
  from space 20992K, 30% used [0x00000007bd700000,0x00000007bdd50000,0x00000007beb80000)
  to   space 20992K, 0% used [0x00000007beb80000,0x00000007beb80000,0x00000007c0000000)
 ParOldGen       total 223744K, used 142725K [0x00000007a0000000, 0x00000007ada80000, 0x00000007b5580000)
  object space 223744K, 63% used [0x00000007a0000000,0x00000007a8b614f8,0x00000007ada80000)
 Metaspace       used 60167K, capacity 63740K, committed 63872K, reserved 1103872K
  class space    used 7884K, capacity 8708K, committed 8832K, reserved 1048576K
}
Event: 4945.471 GC heap before
{Heap before GC invocations=49 (full 3):
 PSYoungGen      total 153600K, used 139072K [0x00000007b5580000, 0x00000007c0000000, 0x00000007c0000000)
  eden space 132608K, 100% used [0x00000007b5580000,0x00000007bd700000,0x00000007bd700000)
  from space 20992K, 30% used [0x00000007bd700000,0x00000007bdd50000,0x00000007beb80000)
  to   space 20992K, 0% used [0x00000007beb80000,0x00000007beb80000,0x00000007c0000000)
 ParOldGen       total 223744K, used 142725K [0x00000007a0000000, 0x00000007ada80000, 0x00000007b5580000)
  object space 223744K, 63% used [0x00000007a0000000,0x00000007a8b614f8,0x00000007ada80000)
 Metaspace       used 60208K, capacity 63804K, committed 64128K, reserved 1103872K
  class space    used 7885K, capacity 8708K, committed 8832K, reserved 1048576K
Event: 4945.499 GC heap after
Heap after GC invocations=49 (full 3):
 PSYoungGen      total 153600K, used 13563K [0x00000007b5580000, 0x00000007c0000000, 0x00000007c0000000)
  eden space 132608K, 0% used [0x00000007b5580000,0x00000007b5580000,0x00000007bd700000)
  from space 20992K, 64% used [0x00000007beb80000,0x00000007bf8bef98,0x00000007c0000000)
  to   space 20992K, 0% used [0x00000007bd700000,0x00000007bd700000,0x00000007beb80000)
 ParOldGen       total 223744K, used 148533K [0x00000007a0000000, 0x00000007ada80000, 0x00000007b5580000)
  object space 223744K, 66% used [0x00000007a0000000,0x00000007a910d5b8,0x00000007ada80000)
 Metaspace       used 60208K, capacity 63804K, committed 64128K, reserved 1103872K
  class space    used 7885K, capacity 8708K, committed 8832K, reserved 1048576K
}
Event: 5107.378 GC heap before
{Heap before GC invocations=50 (full 3):
 PSYoungGen      total 153600K, used 146171K [0x00000007b5580000, 0x00000007c0000000, 0x00000007c0000000)
  eden space 132608K, 100% used [0x00000007b5580000,0x00000007bd700000,0x00000007bd700000)
  from space 20992K, 64% used [0x00000007beb80000,0x00000007bf8bef98,0x00000007c0000000)
  to   space 20992K, 0% used [0x00000007bd700000,0x00000007bd700000,0x00000007beb80000)
 ParOldGen       total 223744K, used 148533K [0x00000007a0000000, 0x00000007ada80000, 0x00000007b5580000)
  object space 223744K, 66% used [0x00000007a0000000,0x00000007a910d5b8,0x00000007ada80000)
 Metaspace       used 60301K, capacity 63936K, committed 64128K, reserved 1103872K
  class space    used 7892K, capacity 8720K, committed 8832K, reserved 1048576K
Event: 5107.446 GC heap after
Heap after GC invocations=50 (full 3):
 PSYoungGen      total 142336K, used 9216K [0x00000007b5580000, 0x00000007bfe00000, 0x00000007c0000000)
  eden space 132608K, 0% used [0x00000007b5580000,0x00000007b5580000,0x00000007bd700000)
  from space 9728K, 94% used [0x00000007bd700000,0x00000007be000030,0x00000007be080000)
  to   space 19968K, 0% used [0x00000007bea80000,0x00000007bea80000,0x00000007bfe00000)
 ParOldGen       total 223744K, used 149917K [0x00000007a0000000, 0x00000007ada80000, 0x00000007b5580000)
  object space 223744K, 67% used [0x00000007a0000000,0x00000007a9267478,0x00000007ada80000)
 Metaspace       used 60301K, capacity 63936K, committed 64128K, reserved 1103872K
  class space    used 7892K, capacity 8720K, committed 8832K, reserved 1048576K
}
Event: 5108.010 GC heap before
{Heap before GC invocations=51 (full 3):
 PSYoungGen      total 142336K, used 141824K [0x00000007b5580000, 0x00000007bfe00000, 0x00000007c0000000)
  eden space 132608K, 100% used [0x00000007b5580000,0x00000007bd700000,0x00000007bd700000)
  from space 9728K, 94% used [0x00000007bd700000,0x00000007be000030,0x00000007be080000)
  to   space 19968K, 0% used [0x00000007bea80000,0x00000007bea80000,0x00000007bfe00000)
 ParOldGen       total 223744K, used 149917K [0x00000007a0000000, 0x00000007ada80000, 0x00000007b5580000)
  object space 223744K, 67% used [0x00000007a0000000,0x00000007a9267478,0x00000007ada80000)
 Metaspace       used 60305K, capacity 63936K, committed 64128K, reserved 1103872K
  class space    used 7892K, capacity 8720K, committed 8832K, reserved 1048576K
Event: 5108.054 GC heap after
Heap after GC invocations=51 (full 3):
 PSYoungGen      total 152576K, used 6720K [0x00000007b5580000, 0x00000007c0000000, 0x00000007c0000000)
  eden space 132608K, 0% used [0x00000007b5580000,0x00000007b5580000,0x00000007bd700000)
  from space 19968K, 33% used [0x00000007bea80000,0x00000007bf110000,0x00000007bfe00000)
  to   space 19968K, 0% used [0x00000007bd700000,0x00000007bd700000,0x00000007bea80000)
 ParOldGen       total 223744K, used 157018K [0x00000007a0000000, 0x00000007ada80000, 0x00000007b5580000)
  object space 223744K, 70% used [0x00000007a0000000,0x00000007a9956b50,0x00000007ada80000)
 Metaspace       used 60305K, capacity 63936K, committed 64128K, reserved 1103872K
  class space    used 7892K, capacity 8720K, committed 8832K, reserved 1048576K
}
Event: 5206.652 GC heap before
{Heap before GC invocations=52 (full 3):
 PSYoungGen      total 152576K, used 139328K [0x00000007b5580000, 0x00000007c0000000, 0x00000007c0000000)
  eden space 132608K, 100% used [0x00000007b5580000,0x00000007bd700000,0x00000007bd700000)
  from space 19968K, 33% used [0x00000007bea80000,0x00000007bf110000,0x00000007bfe00000)
  to   space 19968K, 0% used [0x00000007bd700000,0x00000007bd700000,0x00000007bea80000)
 ParOldGen       total 223744K, used 157018K [0x00000007a0000000, 0x00000007ada80000, 0x00000007b5580000)
  object space 223744K, 70% used [0x00000007a0000000,0x00000007a9956b50,0x00000007ada80000)
 Metaspace       used 60385K, capacity 64012K, committed 64128K, reserved 1103872K
  class space    used 7893K, capacity 8722K, committed 8832K, reserved 1048576K
Event: 5206.859 GC heap after
Heap after GC invocations=52 (full 3):
 PSYoungGen      total 152576K, used 14581K [0x00000007b5580000, 0x00000007c0000000, 0x00000007c0000000)
  eden space 132608K, 0% used [0x00000007b5580000,0x00000007b5580000,0x00000007bd700000)
  from space 19968K, 73% used [0x00000007bd700000,0x00000007be53d7e0,0x00000007bea80000)
  to   space 20480K, 0% used [0x00000007bec00000,0x00000007bec00000,0x00000007c0000000)
 ParOldGen       total 223744K, used 163147K [0x00000007a0000000, 0x00000007ada80000, 0x00000007b5580000)
  object space 223744K, 72% used [0x00000007a0000000,0x00000007a9f52c40,0x00000007ada80000)
 Metaspace       used 60385K, capacity 64012K, committed 64128K, reserved 1103872K
  class space    used 7893K, capacity 8722K, committed 8832K, reserved 1048576K
}

